<?xml version="1.0" encoding="UTF-8" ?>
<testsuite errors="1" failures="0" hostname="macbook-toddw.local" name="test.groovy.ParameterizedSampleTest" tests="4" time="0.3" timestamp="2009-11-28T15:00:20">
  <properties>
[...]
</properties>
  <testcase classname="test.groovy.ParameterizedSampleTest" name="passTest[0]" time="0.0030" />
  <testcase classname="test.groovy.ParameterizedSampleTest" name="failTest[0]" time="0.133" />
  <testcase classname="test.groovy.ParameterizedSampleTest" name="passTest[1]" time="0.0010" />
  <testcase classname="test.groovy.ParameterizedSampleTest" name="failTest[1]" time="0.0090">
    <error message="expected:&lt;[fe]e&gt; but was:&lt;[humbl]e&gt;" type="org.junit.ComparisonFailure">	at test.groovy.ParameterizedSampleTest.failTest(ParameterizedSampleTest.groovy:47)
</error>
  </testcase>
  <system-out><![CDATA[]]></system-out>
  <system-err><![CDATA[]]></system-err>
</testsuite>
