<?xml version="1.0" encoding="UTF-8" ?>
<testsuite errors="1" failures="2" hostname="tpot.local" name="cuanto.test.packageOne.SampleTest" tests="34" time="14.847" timestamp="2008-09-21T16:31:44">
  <properties>
[...]
</properties>
  <testcase classname="cuanto.test.packageOne.SampleTest" name="Stephenson" time="0.121" />
  <testcase classname="cuanto.test.packageOne.SampleTest" name="Irving" time="0.163" />
  <testcase classname="cuanto.test.packageOne.SampleTest" name="Tolkein" time="0.461" />
  <testcase classname="cuanto.test.packageOne.SampleTest" name="Bronte" time="0.169" />
  <testcase classname="cuanto.test.packageOne.SampleTest" name="Dickens" time="0.418" />
  <testcase classname="cuanto.test.packageOne.SampleTest" name="Melville" time="0.867" />
  <testcase classname="cuanto.test.packageOne.SampleTest" name="Steinbeck" time="0.806" />
  <testcase classname="cuanto.test.packageOne.SampleTest" name="Williams" time="0.244" />
  <testcase classname="cuanto.test.packageOne.SampleTest" name="Wilson" time="0.634" />
  <testcase classname="cuanto.test.packageOne.SampleTest" name="Atwood" time="0.753" />
  <testcase classname="cuanto.test.packageOne.SampleTest" name="Morrisson" time="0.127" />
  <testcase classname="cuanto.test.packageOne.SampleTest" name="Ferry" time="0.096" />
  <testcase classname="cuanto.test.packageOne.SampleTest" name="Parker" time="0.792" />
  <testcase classname="cuanto.test.packageOne.SampleTest" name="Wilde" time="0.539" />
  <testcase classname="cuanto.test.packageOne.SampleTest" name="Hemingway" time="0.387" />
  <testcase classname="cuanto.test.packageOne.SampleTest" name="Durrell" time="0.095" />
  <testcase classname="cuanto.test.packageOne.SampleTest" name="Hugo" time="0.076" />
  <testcase classname="cuanto.test.packageOne.SampleTest" name="Huxley" time="0.338" />
  <testcase classname="cuanto.test.packageOne.SampleTest" name="Ginsberg" time="0.559" />
  <testcase classname="cuanto.test.packageOne.SampleTest" name="Kerouac" time="0.737" />
  <testcase classname="cuanto.test.packageOne.SampleTest" name="Carver" time="0.924" />
  <testcase classname="cuanto.test.packageOne.SampleTest" name="Dunne" time="0.333" />
  <testcase classname="cuanto.test.packageOne.SampleTest" name="LeCarre" time="0.524">
    <failure message="LeCarre failed" type="junit.framework.AssertionFailedError">junit.framework.AssertionFailedError: LeCarre failed
	    http://tpjira/browse/John 
	at cuanto.test.packageOne.SampleTest.testMain(SampleTest.java:37)
	at cuanto.test.packageOne.SampleTest.runTest(SampleTest.java:29)
	at groovy.util.AntBuilder.nodeCompleted(AntBuilder.java:199)
	at groovy.util.BuilderSupport.doInvokeMethod(BuilderSupport.java:153)
	at groovy.util.AntBuilder.doInvokeMethod(AntBuilder.java:149)
	at groovy.util.BuilderSupport.invokeMethod(BuilderSupport.java:64)
	at org.codehaus.groovy.runtime.InvokerHelper.invokePogoMethod(InvokerHelper.java:784)
	at org.codehaus.groovy.runtime.InvokerHelper.invokeMethod(InvokerHelper.java:758)
	at org.codehaus.groovy.runtime.ScriptBytecodeAdapter.invokeMethodN(ScriptBytecodeAdapter.java:170)
	at CreateTests.executeTests(CreateTests.groovy:24)
	at CreateTests.this$4$executeTests(CreateTests.groovy)
	at org.codehaus.groovy.reflection.CachedMethod.invoke(CachedMethod.java:86)
	at groovy.lang.MetaMethod.doMethodInvoke(MetaMethod.java:230)
	at groovy.lang.MetaClassImpl.invokeMethod(MetaClassImpl.java:912)
	at org.codehaus.groovy.runtime.ScriptBytecodeAdapter.invokeMethodOnCurrentN(ScriptBytecodeAdapter.java:78)
	at org.codehaus.groovy.runtime.ScriptBytecodeAdapter.invokeMethodOnCurrent0(ScriptBytecodeAdapter.java:112)
	at CreateTests.run(CreateTests.groovy:16)
	at org.codehaus.groovy.reflection.CachedMethod.invoke(CachedMethod.java:86)
	at groovy.lang.MetaMethod.doMethodInvoke(MetaMethod.java:230)
	at groovy.lang.MetaClassImpl.invokeMethod(MetaClassImpl.java:912)
	at groovy.lang.MetaClassImpl.invokeMethod(MetaClassImpl.java:756)
	at org.codehaus.groovy.runtime.InvokerHelper.invokePogoMethod(InvokerHelper.java:778)
	at org.codehaus.groovy.runtime.InvokerHelper.invokeMethod(InvokerHelper.java:758)
	at org.codehaus.groovy.runtime.InvokerHelper.runScript(InvokerHelper.java:401)
	at org.codehaus.groovy.reflection.CachedMethod.invoke(CachedMethod.java:86)
	at groovy.lang.MetaMethod.doMethodInvoke(MetaMethod.java:230)
	at groovy.lang.MetaClassImpl.invokeStaticMethod(MetaClassImpl.java:1105)
	at org.codehaus.groovy.runtime.InvokerHelper.invokeMethod(InvokerHelper.java:749)
	at org.codehaus.groovy.runtime.ScriptBytecodeAdapter.invokeMethodN(ScriptBytecodeAdapter.java:170)
	at CreateTests.main(CreateTests.groovy)
	at org.codehaus.groovy.reflection.CachedMethod.invoke(CachedMethod.java:86)
	at groovy.lang.MetaMethod.doMethodInvoke(MetaMethod.java:230)
	at groovy.lang.MetaClassImpl.invokeStaticMethod(MetaClassImpl.java:1105)
	at org.codehaus.groovy.runtime.InvokerHelper.invokeMethod(InvokerHelper.java:749)
	at groovy.lang.GroovyShell.runMainOrTestOrRunnable(GroovyShell.java:244)
	at groovy.lang.GroovyShell.run(GroovyShell.java:218)
	at groovy.lang.GroovyShell.run(GroovyShell.java:147)
	at groovy.ui.GroovyMain.processOnce(GroovyMain.java:493)
	at groovy.ui.GroovyMain.run(GroovyMain.java:308)
	at groovy.ui.GroovyMain.process(GroovyMain.java:294)
	at groovy.ui.GroovyMain.processArgs(GroovyMain.java:111)
	at groovy.ui.GroovyMain.main(GroovyMain.java:92)
	at org.codehaus.groovy.tools.GroovyStarter.rootLoader(GroovyStarter.java:101)
	at org.codehaus.groovy.tools.GroovyStarter.main(GroovyStarter.java:130)
</failure>
  </testcase>
  <testcase classname="cuanto.test.packageOne.SampleTest" name="Chabon" time="0.024" />
  <testcase classname="cuanto.test.packageOne.SampleTest" name="Christie" time="0.529" />
  <testcase classname="cuanto.test.packageOne.SampleTest" name="Austen" time="0.943" />
  <testcase classname="cuanto.test.packageOne.SampleTest" name="Azimov" time="0.092" />
  <testcase classname="cuanto.test.packageOne.SampleTest" name="Kesey" time="0.616" />
  <testcase classname="cuanto.test.packageOne.SampleTest" name="Greene" time="0.043" />
  <testcase classname="cuanto.test.packageOne.SampleTest" name="Eliot" time="0.03" />
  <testcase classname="cuanto.test.packageOne.SampleTest" name="Chaucer" time="1,020.49" />
  <testcase classname="cuanto.test.packageOne.SampleTest" name="Bellow" time="0.687">
    <error message="Test error" type="java.lang.RuntimeException">java.lang.RuntimeException: Test error http://tpjira/browse/SAUL
	at cuanto.test.packageOne.SampleTest.testMain(SampleTest.java:39)
	at cuanto.test.packageOne.SampleTest.runTest(SampleTest.java:29)
	at groovy.util.AntBuilder.nodeCompleted(AntBuilder.java:199)
	at groovy.util.BuilderSupport.doInvokeMethod(BuilderSupport.java:153)
	at groovy.util.AntBuilder.doInvokeMethod(AntBuilder.java:149)
	at groovy.util.BuilderSupport.invokeMethod(BuilderSupport.java:64)
	at org.codehaus.groovy.runtime.InvokerHelper.invokePogoMethod(InvokerHelper.java:784)
	at org.codehaus.groovy.runtime.InvokerHelper.invokeMethod(InvokerHelper.java:758)
	at org.codehaus.groovy.runtime.ScriptBytecodeAdapter.invokeMethodN(ScriptBytecodeAdapter.java:170)
	at CreateTests.executeTests(CreateTests.groovy:24)
	at CreateTests.this$4$executeTests(CreateTests.groovy)
	at org.codehaus.groovy.reflection.CachedMethod.invoke(CachedMethod.java:86)
	at groovy.lang.MetaMethod.doMethodInvoke(MetaMethod.java:230)
	at groovy.lang.MetaClassImpl.invokeMethod(MetaClassImpl.java:912)
	at org.codehaus.groovy.runtime.ScriptBytecodeAdapter.invokeMethodOnCurrentN(ScriptBytecodeAdapter.java:78)
	at org.codehaus.groovy.runtime.ScriptBytecodeAdapter.invokeMethodOnCurrent0(ScriptBytecodeAdapter.java:112)
	at CreateTests.run(CreateTests.groovy:16)
	at org.codehaus.groovy.reflection.CachedMethod.invoke(CachedMethod.java:86)
	at groovy.lang.MetaMethod.doMethodInvoke(MetaMethod.java:230)
	at groovy.lang.MetaClassImpl.invokeMethod(MetaClassImpl.java:912)
	at groovy.lang.MetaClassImpl.invokeMethod(MetaClassImpl.java:756)
	at org.codehaus.groovy.runtime.InvokerHelper.invokePogoMethod(InvokerHelper.java:778)
	at org.codehaus.groovy.runtime.InvokerHelper.invokeMethod(InvokerHelper.java:758)
	at org.codehaus.groovy.runtime.InvokerHelper.runScript(InvokerHelper.java:401)
	at org.codehaus.groovy.reflection.CachedMethod.invoke(CachedMethod.java:86)
	at groovy.lang.MetaMethod.doMethodInvoke(MetaMethod.java:230)
	at groovy.lang.MetaClassImpl.invokeStaticMethod(MetaClassImpl.java:1105)
	at org.codehaus.groovy.runtime.InvokerHelper.invokeMethod(InvokerHelper.java:749)
	at org.codehaus.groovy.runtime.ScriptBytecodeAdapter.invokeMethodN(ScriptBytecodeAdapter.java:170)
	at CreateTests.main(CreateTests.groovy)
	at org.codehaus.groovy.reflection.CachedMethod.invoke(CachedMethod.java:86)
	at groovy.lang.MetaMethod.doMethodInvoke(MetaMethod.java:230)
	at groovy.lang.MetaClassImpl.invokeStaticMethod(MetaClassImpl.java:1105)
	at org.codehaus.groovy.runtime.InvokerHelper.invokeMethod(InvokerHelper.java:749)
	at groovy.lang.GroovyShell.runMainOrTestOrRunnable(GroovyShell.java:244)
	at groovy.lang.GroovyShell.run(GroovyShell.java:218)
	at groovy.lang.GroovyShell.run(GroovyShell.java:147)
	at groovy.ui.GroovyMain.processOnce(GroovyMain.java:493)
	at groovy.ui.GroovyMain.run(GroovyMain.java:308)
	at groovy.ui.GroovyMain.process(GroovyMain.java:294)
	at groovy.ui.GroovyMain.processArgs(GroovyMain.java:111)
	at groovy.ui.GroovyMain.main(GroovyMain.java:92)
	at org.codehaus.groovy.tools.GroovyStarter.rootLoader(GroovyStarter.java:101)
	at org.codehaus.groovy.tools.GroovyStarter.main(GroovyStarter.java:130)
</error>
  </testcase>
  <testcase classname="cuanto.test.packageOne.SampleTest" name="Hesse" time="0.542">
    <failure message="Hesse failed" type="junit.framework.AssertionFailedError">junit.framework.AssertionFailedError: Hesse failed
	at cuanto.test.packageOne.SampleTest.testMain(SampleTest.java:37)
	at cuanto.test.packageOne.SampleTest.runTest(SampleTest.java:29)
	at groovy.util.AntBuilder.nodeCompleted(AntBuilder.java:199)
	at groovy.util.BuilderSupport.doInvokeMethod(BuilderSupport.java:153)
	at groovy.util.AntBuilder.doInvokeMethod(AntBuilder.java:149)
	at groovy.util.BuilderSupport.invokeMethod(BuilderSupport.java:64)
	at org.codehaus.groovy.runtime.InvokerHelper.invokePogoMethod(InvokerHelper.java:784)
	at org.codehaus.groovy.runtime.InvokerHelper.invokeMethod(InvokerHelper.java:758)
	at org.codehaus.groovy.runtime.ScriptBytecodeAdapter.invokeMethodN(ScriptBytecodeAdapter.java:170)
	at CreateTests.executeTests(CreateTests.groovy:24)
	at CreateTests.this$4$executeTests(CreateTests.groovy)
	at org.codehaus.groovy.reflection.CachedMethod.invoke(CachedMethod.java:86)
	at groovy.lang.MetaMethod.doMethodInvoke(MetaMethod.java:230)
	at groovy.lang.MetaClassImpl.invokeMethod(MetaClassImpl.java:912)
	at org.codehaus.groovy.runtime.ScriptBytecodeAdapter.invokeMethodOnCurrentN(ScriptBytecodeAdapter.java:78)
	at org.codehaus.groovy.runtime.ScriptBytecodeAdapter.invokeMethodOnCurrent0(ScriptBytecodeAdapter.java:112)
	at CreateTests.run(CreateTests.groovy:16)
	at org.codehaus.groovy.reflection.CachedMethod.invoke(CachedMethod.java:86)
	at groovy.lang.MetaMethod.doMethodInvoke(MetaMethod.java:230)
	at groovy.lang.MetaClassImpl.invokeMethod(MetaClassImpl.java:912)
	at groovy.lang.MetaClassImpl.invokeMethod(MetaClassImpl.java:756)
	at org.codehaus.groovy.runtime.InvokerHelper.invokePogoMethod(InvokerHelper.java:778)
	at org.codehaus.groovy.runtime.InvokerHelper.invokeMethod(InvokerHelper.java:758)
	at org.codehaus.groovy.runtime.InvokerHelper.runScript(InvokerHelper.java:401)
	at org.codehaus.groovy.reflection.CachedMethod.invoke(CachedMethod.java:86)
	at groovy.lang.MetaMethod.doMethodInvoke(MetaMethod.java:230)
	at groovy.lang.MetaClassImpl.invokeStaticMethod(MetaClassImpl.java:1105)
	at org.codehaus.groovy.runtime.InvokerHelper.invokeMethod(InvokerHelper.java:749)
	at org.codehaus.groovy.runtime.ScriptBytecodeAdapter.invokeMethodN(ScriptBytecodeAdapter.java:170)
	at CreateTests.main(CreateTests.groovy)
	at org.codehaus.groovy.reflection.CachedMethod.invoke(CachedMethod.java:86)
	at groovy.lang.MetaMethod.doMethodInvoke(MetaMethod.java:230)
	at groovy.lang.MetaClassImpl.invokeStaticMethod(MetaClassImpl.java:1105)
	at org.codehaus.groovy.runtime.InvokerHelper.invokeMethod(InvokerHelper.java:749)
	at groovy.lang.GroovyShell.runMainOrTestOrRunnable(GroovyShell.java:244)
	at groovy.lang.GroovyShell.run(GroovyShell.java:218)
	at groovy.lang.GroovyShell.run(GroovyShell.java:147)
	at groovy.ui.GroovyMain.processOnce(GroovyMain.java:493)
	at groovy.ui.GroovyMain.run(GroovyMain.java:308)
	at groovy.ui.GroovyMain.process(GroovyMain.java:294)
	at groovy.ui.GroovyMain.processArgs(GroovyMain.java:111)
	at groovy.ui.GroovyMain.main(GroovyMain.java:92)
	at org.codehaus.groovy.tools.GroovyStarter.rootLoader(GroovyStarter.java:101)
	at org.codehaus.groovy.tools.GroovyStarter.main(GroovyStarter.java:130)
</failure>
  </testcase>
  <testcase classname="cuanto.test.packageOne.SampleTest" name="Miller" time="0.684" />
  <system-out><![CDATA[]]></system-out>
  <system-err><![CDATA[]]></system-err>
</testsuite>
