<?xml version="1.0" encoding="UTF-8" ?>
<testsuites>
  <testsuite errors="2" failures="6" hostname="tpot.local" id="0" name="SampleTest" package="cuanto.test.packageOne" tests="34" time="15.262" timestamp="2008-09-29T02:24:24">
      <properties>
[...]
</properties>

      <testcase classname="cuanto.test.packageOne.SampleTest" name="Stephenson" time="0.179" />

      <testcase classname="cuanto.test.packageOne.SampleTest" name="Irving" time="0.509" />

      <testcase classname="cuanto.test.packageOne.SampleTest" name="Tolkein" time="0.034" />

      <testcase classname="cuanto.test.packageOne.SampleTest" name="Bronte" time="0.209" />

      <testcase classname="cuanto.test.packageOne.SampleTest" name="Dickens" time="0.821" />

      <testcase classname="cuanto.test.packageOne.SampleTest" name="Melville" time="0.699">
          <failure message="Melville failed" type="junit.framework.AssertionFailedError">junit.framework.AssertionFailedError: Melville failed
	at cuanto.test.packageOne.SampleTest.testMain(SampleTest.java:37)
	at cuanto.test.packageOne.SampleTest.runTest(SampleTest.java:29)
	at groovy.util.AntBuilder.nodeCompleted(AntBuilder.java:199)
	at groovy.util.BuilderSupport.doInvokeMethod(BuilderSupport.java:153)
	at groovy.util.AntBuilder.doInvokeMethod(AntBuilder.java:149)
	at groovy.util.BuilderSupport.invokeMethod(BuilderSupport.java:64)
	at org.codehaus.groovy.runtime.InvokerHelper.invokePogoMethod(InvokerHelper.java:784)
	at org.codehaus.groovy.runtime.InvokerHelper.invokeMethod(InvokerHelper.java:758)
	at org.codehaus.groovy.runtime.ScriptBytecodeAdapter.invokeMethodN(ScriptBytecodeAdapter.java:170)
	at CreateTests.executeBatchTests(CreateTests.groovy:26)
	at org.codehaus.groovy.reflection.CachedMethod.invoke(CachedMethod.java:86)
	at groovy.lang.MetaMethod.doMethodInvoke(MetaMethod.java:230)
	at groovy.lang.MetaClassImpl.invokeMethod(MetaClassImpl.java:912)
	at org.codehaus.groovy.runtime.ScriptBytecodeAdapter.invokeMethodOnCurrentN(ScriptBytecodeAdapter.java:78)
	at org.codehaus.groovy.runtime.ScriptBytecodeAdapter.invokeMethodOnCurrent0(ScriptBytecodeAdapter.java:112)
	at CreateTests.run(CreateTests.groovy:21)
	at org.codehaus.groovy.reflection.CachedMethod.invoke(CachedMethod.java:86)
	at groovy.lang.MetaMethod.doMethodInvoke(MetaMethod.java:230)
	at groovy.lang.MetaClassImpl.invokeMethod(MetaClassImpl.java:912)
	at groovy.lang.MetaClassImpl.invokeMethod(MetaClassImpl.java:756)
	at org.codehaus.groovy.runtime.InvokerHelper.invokePogoMethod(InvokerHelper.java:778)
	at org.codehaus.groovy.runtime.InvokerHelper.invokeMethod(InvokerHelper.java:758)
	at org.codehaus.groovy.runtime.InvokerHelper.runScript(InvokerHelper.java:401)
	at org.codehaus.groovy.reflection.CachedMethod.invoke(CachedMethod.java:86)
	at groovy.lang.MetaMethod.doMethodInvoke(MetaMethod.java:230)
	at groovy.lang.MetaClassImpl.invokeStaticMethod(MetaClassImpl.java:1105)
	at org.codehaus.groovy.runtime.InvokerHelper.invokeMethod(InvokerHelper.java:749)
	at org.codehaus.groovy.runtime.ScriptBytecodeAdapter.invokeMethodN(ScriptBytecodeAdapter.java:170)
	at CreateTests.main(CreateTests.groovy)
	at org.codehaus.groovy.reflection.CachedMethod.invoke(CachedMethod.java:86)
	at groovy.lang.MetaMethod.doMethodInvoke(MetaMethod.java:230)
	at groovy.lang.MetaClassImpl.invokeStaticMethod(MetaClassImpl.java:1105)
	at org.codehaus.groovy.runtime.InvokerHelper.invokeMethod(InvokerHelper.java:749)
	at groovy.lang.GroovyShell.runMainOrTestOrRunnable(GroovyShell.java:244)
	at groovy.lang.GroovyShell.run(GroovyShell.java:218)
	at groovy.lang.GroovyShell.run(GroovyShell.java:147)
	at groovy.ui.GroovyMain.processOnce(GroovyMain.java:493)
	at groovy.ui.GroovyMain.run(GroovyMain.java:308)
	at groovy.ui.GroovyMain.process(GroovyMain.java:294)
	at groovy.ui.GroovyMain.processArgs(GroovyMain.java:111)
	at groovy.ui.GroovyMain.main(GroovyMain.java:92)
	at org.codehaus.groovy.tools.GroovyStarter.rootLoader(GroovyStarter.java:101)
	at org.codehaus.groovy.tools.GroovyStarter.main(GroovyStarter.java:130)
</failure>

      </testcase>

      <testcase classname="cuanto.test.packageOne.SampleTest" name="Steinbeck" time="0.717" />

      <testcase classname="cuanto.test.packageOne.SampleTest" name="Williams" time="0.124">
          <failure message="Williams failed" type="junit.framework.AssertionFailedError">junit.framework.AssertionFailedError: Williams failed
	at cuanto.test.packageOne.SampleTest.testMain(SampleTest.java:37)
	at cuanto.test.packageOne.SampleTest.runTest(SampleTest.java:29)
	at groovy.util.AntBuilder.nodeCompleted(AntBuilder.java:199)
	at groovy.util.BuilderSupport.doInvokeMethod(BuilderSupport.java:153)
	at groovy.util.AntBuilder.doInvokeMethod(AntBuilder.java:149)
	at groovy.util.BuilderSupport.invokeMethod(BuilderSupport.java:64)
	at org.codehaus.groovy.runtime.InvokerHelper.invokePogoMethod(InvokerHelper.java:784)
	at org.codehaus.groovy.runtime.InvokerHelper.invokeMethod(InvokerHelper.java:758)
	at org.codehaus.groovy.runtime.ScriptBytecodeAdapter.invokeMethodN(ScriptBytecodeAdapter.java:170)
	at CreateTests.executeBatchTests(CreateTests.groovy:26)
	at org.codehaus.groovy.reflection.CachedMethod.invoke(CachedMethod.java:86)
	at groovy.lang.MetaMethod.doMethodInvoke(MetaMethod.java:230)
	at groovy.lang.MetaClassImpl.invokeMethod(MetaClassImpl.java:912)
	at org.codehaus.groovy.runtime.ScriptBytecodeAdapter.invokeMethodOnCurrentN(ScriptBytecodeAdapter.java:78)
	at org.codehaus.groovy.runtime.ScriptBytecodeAdapter.invokeMethodOnCurrent0(ScriptBytecodeAdapter.java:112)
	at CreateTests.run(CreateTests.groovy:21)
	at org.codehaus.groovy.reflection.CachedMethod.invoke(CachedMethod.java:86)
	at groovy.lang.MetaMethod.doMethodInvoke(MetaMethod.java:230)
	at groovy.lang.MetaClassImpl.invokeMethod(MetaClassImpl.java:912)
	at groovy.lang.MetaClassImpl.invokeMethod(MetaClassImpl.java:756)
	at org.codehaus.groovy.runtime.InvokerHelper.invokePogoMethod(InvokerHelper.java:778)
	at org.codehaus.groovy.runtime.InvokerHelper.invokeMethod(InvokerHelper.java:758)
	at org.codehaus.groovy.runtime.InvokerHelper.runScript(InvokerHelper.java:401)
	at org.codehaus.groovy.reflection.CachedMethod.invoke(CachedMethod.java:86)
	at groovy.lang.MetaMethod.doMethodInvoke(MetaMethod.java:230)
	at groovy.lang.MetaClassImpl.invokeStaticMethod(MetaClassImpl.java:1105)
	at org.codehaus.groovy.runtime.InvokerHelper.invokeMethod(InvokerHelper.java:749)
	at org.codehaus.groovy.runtime.ScriptBytecodeAdapter.invokeMethodN(ScriptBytecodeAdapter.java:170)
	at CreateTests.main(CreateTests.groovy)
	at org.codehaus.groovy.reflection.CachedMethod.invoke(CachedMethod.java:86)
	at groovy.lang.MetaMethod.doMethodInvoke(MetaMethod.java:230)
	at groovy.lang.MetaClassImpl.invokeStaticMethod(MetaClassImpl.java:1105)
	at org.codehaus.groovy.runtime.InvokerHelper.invokeMethod(InvokerHelper.java:749)
	at groovy.lang.GroovyShell.runMainOrTestOrRunnable(GroovyShell.java:244)
	at groovy.lang.GroovyShell.run(GroovyShell.java:218)
	at groovy.lang.GroovyShell.run(GroovyShell.java:147)
	at groovy.ui.GroovyMain.processOnce(GroovyMain.java:493)
	at groovy.ui.GroovyMain.run(GroovyMain.java:308)
	at groovy.ui.GroovyMain.process(GroovyMain.java:294)
	at groovy.ui.GroovyMain.processArgs(GroovyMain.java:111)
	at groovy.ui.GroovyMain.main(GroovyMain.java:92)
	at org.codehaus.groovy.tools.GroovyStarter.rootLoader(GroovyStarter.java:101)
	at org.codehaus.groovy.tools.GroovyStarter.main(GroovyStarter.java:130)
</failure>

      </testcase>

      <testcase classname="cuanto.test.packageOne.SampleTest" name="Wilson" time="0.228">
          <error message="Test error" type="java.lang.RuntimeException">java.lang.RuntimeException: Test error
	at cuanto.test.packageOne.SampleTest.testMain(SampleTest.java:39)
	at cuanto.test.packageOne.SampleTest.runTest(SampleTest.java:29)
	at groovy.util.AntBuilder.nodeCompleted(AntBuilder.java:199)
	at groovy.util.BuilderSupport.doInvokeMethod(BuilderSupport.java:153)
	at groovy.util.AntBuilder.doInvokeMethod(AntBuilder.java:149)
	at groovy.util.BuilderSupport.invokeMethod(BuilderSupport.java:64)
	at org.codehaus.groovy.runtime.InvokerHelper.invokePogoMethod(InvokerHelper.java:784)
	at org.codehaus.groovy.runtime.InvokerHelper.invokeMethod(InvokerHelper.java:758)
	at org.codehaus.groovy.runtime.ScriptBytecodeAdapter.invokeMethodN(ScriptBytecodeAdapter.java:170)
	at CreateTests.executeBatchTests(CreateTests.groovy:26)
	at org.codehaus.groovy.reflection.CachedMethod.invoke(CachedMethod.java:86)
	at groovy.lang.MetaMethod.doMethodInvoke(MetaMethod.java:230)
	at groovy.lang.MetaClassImpl.invokeMethod(MetaClassImpl.java:912)
	at org.codehaus.groovy.runtime.ScriptBytecodeAdapter.invokeMethodOnCurrentN(ScriptBytecodeAdapter.java:78)
	at org.codehaus.groovy.runtime.ScriptBytecodeAdapter.invokeMethodOnCurrent0(ScriptBytecodeAdapter.java:112)
	at CreateTests.run(CreateTests.groovy:21)
	at org.codehaus.groovy.reflection.CachedMethod.invoke(CachedMethod.java:86)
	at groovy.lang.MetaMethod.doMethodInvoke(MetaMethod.java:230)
	at groovy.lang.MetaClassImpl.invokeMethod(MetaClassImpl.java:912)
	at groovy.lang.MetaClassImpl.invokeMethod(MetaClassImpl.java:756)
	at org.codehaus.groovy.runtime.InvokerHelper.invokePogoMethod(InvokerHelper.java:778)
	at org.codehaus.groovy.runtime.InvokerHelper.invokeMethod(InvokerHelper.java:758)
	at org.codehaus.groovy.runtime.InvokerHelper.runScript(InvokerHelper.java:401)
	at org.codehaus.groovy.reflection.CachedMethod.invoke(CachedMethod.java:86)
	at groovy.lang.MetaMethod.doMethodInvoke(MetaMethod.java:230)
	at groovy.lang.MetaClassImpl.invokeStaticMethod(MetaClassImpl.java:1105)
	at org.codehaus.groovy.runtime.InvokerHelper.invokeMethod(InvokerHelper.java:749)
	at org.codehaus.groovy.runtime.ScriptBytecodeAdapter.invokeMethodN(ScriptBytecodeAdapter.java:170)
	at CreateTests.main(CreateTests.groovy)
	at org.codehaus.groovy.reflection.CachedMethod.invoke(CachedMethod.java:86)
	at groovy.lang.MetaMethod.doMethodInvoke(MetaMethod.java:230)
	at groovy.lang.MetaClassImpl.invokeStaticMethod(MetaClassImpl.java:1105)
	at org.codehaus.groovy.runtime.InvokerHelper.invokeMethod(InvokerHelper.java:749)
	at groovy.lang.GroovyShell.runMainOrTestOrRunnable(GroovyShell.java:244)
	at groovy.lang.GroovyShell.run(GroovyShell.java:218)
	at groovy.lang.GroovyShell.run(GroovyShell.java:147)
	at groovy.ui.GroovyMain.processOnce(GroovyMain.java:493)
	at groovy.ui.GroovyMain.run(GroovyMain.java:308)
	at groovy.ui.GroovyMain.process(GroovyMain.java:294)
	at groovy.ui.GroovyMain.processArgs(GroovyMain.java:111)
	at groovy.ui.GroovyMain.main(GroovyMain.java:92)
	at org.codehaus.groovy.tools.GroovyStarter.rootLoader(GroovyStarter.java:101)
	at org.codehaus.groovy.tools.GroovyStarter.main(GroovyStarter.java:130)
</error>

      </testcase>

      <testcase classname="cuanto.test.packageOne.SampleTest" name="Atwood" time="0.64" />

      <testcase classname="cuanto.test.packageOne.SampleTest" name="Morrisson" time="0.02">
          <failure message="Morrisson failed" type="junit.framework.AssertionFailedError">junit.framework.AssertionFailedError: Morrisson failed
	at cuanto.test.packageOne.SampleTest.testMain(SampleTest.java:37)
	at cuanto.test.packageOne.SampleTest.runTest(SampleTest.java:29)
	at groovy.util.AntBuilder.nodeCompleted(AntBuilder.java:199)
	at groovy.util.BuilderSupport.doInvokeMethod(BuilderSupport.java:153)
	at groovy.util.AntBuilder.doInvokeMethod(AntBuilder.java:149)
	at groovy.util.BuilderSupport.invokeMethod(BuilderSupport.java:64)
	at org.codehaus.groovy.runtime.InvokerHelper.invokePogoMethod(InvokerHelper.java:784)
	at org.codehaus.groovy.runtime.InvokerHelper.invokeMethod(InvokerHelper.java:758)
	at org.codehaus.groovy.runtime.ScriptBytecodeAdapter.invokeMethodN(ScriptBytecodeAdapter.java:170)
	at CreateTests.executeBatchTests(CreateTests.groovy:26)
	at org.codehaus.groovy.reflection.CachedMethod.invoke(CachedMethod.java:86)
	at groovy.lang.MetaMethod.doMethodInvoke(MetaMethod.java:230)
	at groovy.lang.MetaClassImpl.invokeMethod(MetaClassImpl.java:912)
	at org.codehaus.groovy.runtime.ScriptBytecodeAdapter.invokeMethodOnCurrentN(ScriptBytecodeAdapter.java:78)
	at org.codehaus.groovy.runtime.ScriptBytecodeAdapter.invokeMethodOnCurrent0(ScriptBytecodeAdapter.java:112)
	at CreateTests.run(CreateTests.groovy:21)
	at org.codehaus.groovy.reflection.CachedMethod.invoke(CachedMethod.java:86)
	at groovy.lang.MetaMethod.doMethodInvoke(MetaMethod.java:230)
	at groovy.lang.MetaClassImpl.invokeMethod(MetaClassImpl.java:912)
	at groovy.lang.MetaClassImpl.invokeMethod(MetaClassImpl.java:756)
	at org.codehaus.groovy.runtime.InvokerHelper.invokePogoMethod(InvokerHelper.java:778)
	at org.codehaus.groovy.runtime.InvokerHelper.invokeMethod(InvokerHelper.java:758)
	at org.codehaus.groovy.runtime.InvokerHelper.runScript(InvokerHelper.java:401)
	at org.codehaus.groovy.reflection.CachedMethod.invoke(CachedMethod.java:86)
	at groovy.lang.MetaMethod.doMethodInvoke(MetaMethod.java:230)
	at groovy.lang.MetaClassImpl.invokeStaticMethod(MetaClassImpl.java:1105)
	at org.codehaus.groovy.runtime.InvokerHelper.invokeMethod(InvokerHelper.java:749)
	at org.codehaus.groovy.runtime.ScriptBytecodeAdapter.invokeMethodN(ScriptBytecodeAdapter.java:170)
	at CreateTests.main(CreateTests.groovy)
	at org.codehaus.groovy.reflection.CachedMethod.invoke(CachedMethod.java:86)
	at groovy.lang.MetaMethod.doMethodInvoke(MetaMethod.java:230)
	at groovy.lang.MetaClassImpl.invokeStaticMethod(MetaClassImpl.java:1105)
	at org.codehaus.groovy.runtime.InvokerHelper.invokeMethod(InvokerHelper.java:749)
	at groovy.lang.GroovyShell.runMainOrTestOrRunnable(GroovyShell.java:244)
	at groovy.lang.GroovyShell.run(GroovyShell.java:218)
	at groovy.lang.GroovyShell.run(GroovyShell.java:147)
	at groovy.ui.GroovyMain.processOnce(GroovyMain.java:493)
	at groovy.ui.GroovyMain.run(GroovyMain.java:308)
	at groovy.ui.GroovyMain.process(GroovyMain.java:294)
	at groovy.ui.GroovyMain.processArgs(GroovyMain.java:111)
	at groovy.ui.GroovyMain.main(GroovyMain.java:92)
	at org.codehaus.groovy.tools.GroovyStarter.rootLoader(GroovyStarter.java:101)
	at org.codehaus.groovy.tools.GroovyStarter.main(GroovyStarter.java:130)
</failure>

      </testcase>

      <testcase classname="cuanto.test.packageOne.SampleTest" name="Ferry" time="0.322">
          <failure message="Ferry failed" type="junit.framework.AssertionFailedError">junit.framework.AssertionFailedError: Ferry failed
	at cuanto.test.packageOne.SampleTest.testMain(SampleTest.java:37)
	at cuanto.test.packageOne.SampleTest.runTest(SampleTest.java:29)
	at groovy.util.AntBuilder.nodeCompleted(AntBuilder.java:199)
	at groovy.util.BuilderSupport.doInvokeMethod(BuilderSupport.java:153)
	at groovy.util.AntBuilder.doInvokeMethod(AntBuilder.java:149)
	at groovy.util.BuilderSupport.invokeMethod(BuilderSupport.java:64)
	at org.codehaus.groovy.runtime.InvokerHelper.invokePogoMethod(InvokerHelper.java:784)
	at org.codehaus.groovy.runtime.InvokerHelper.invokeMethod(InvokerHelper.java:758)
	at org.codehaus.groovy.runtime.ScriptBytecodeAdapter.invokeMethodN(ScriptBytecodeAdapter.java:170)
	at CreateTests.executeBatchTests(CreateTests.groovy:26)
	at org.codehaus.groovy.reflection.CachedMethod.invoke(CachedMethod.java:86)
	at groovy.lang.MetaMethod.doMethodInvoke(MetaMethod.java:230)
	at groovy.lang.MetaClassImpl.invokeMethod(MetaClassImpl.java:912)
	at org.codehaus.groovy.runtime.ScriptBytecodeAdapter.invokeMethodOnCurrentN(ScriptBytecodeAdapter.java:78)
	at org.codehaus.groovy.runtime.ScriptBytecodeAdapter.invokeMethodOnCurrent0(ScriptBytecodeAdapter.java:112)
	at CreateTests.run(CreateTests.groovy:21)
	at org.codehaus.groovy.reflection.CachedMethod.invoke(CachedMethod.java:86)
	at groovy.lang.MetaMethod.doMethodInvoke(MetaMethod.java:230)
	at groovy.lang.MetaClassImpl.invokeMethod(MetaClassImpl.java:912)
	at groovy.lang.MetaClassImpl.invokeMethod(MetaClassImpl.java:756)
	at org.codehaus.groovy.runtime.InvokerHelper.invokePogoMethod(InvokerHelper.java:778)
	at org.codehaus.groovy.runtime.InvokerHelper.invokeMethod(InvokerHelper.java:758)
	at org.codehaus.groovy.runtime.InvokerHelper.runScript(InvokerHelper.java:401)
	at org.codehaus.groovy.reflection.CachedMethod.invoke(CachedMethod.java:86)
	at groovy.lang.MetaMethod.doMethodInvoke(MetaMethod.java:230)
	at groovy.lang.MetaClassImpl.invokeStaticMethod(MetaClassImpl.java:1105)
	at org.codehaus.groovy.runtime.InvokerHelper.invokeMethod(InvokerHelper.java:749)
	at org.codehaus.groovy.runtime.ScriptBytecodeAdapter.invokeMethodN(ScriptBytecodeAdapter.java:170)
	at CreateTests.main(CreateTests.groovy)
	at org.codehaus.groovy.reflection.CachedMethod.invoke(CachedMethod.java:86)
	at groovy.lang.MetaMethod.doMethodInvoke(MetaMethod.java:230)
	at groovy.lang.MetaClassImpl.invokeStaticMethod(MetaClassImpl.java:1105)
	at org.codehaus.groovy.runtime.InvokerHelper.invokeMethod(InvokerHelper.java:749)
	at groovy.lang.GroovyShell.runMainOrTestOrRunnable(GroovyShell.java:244)
	at groovy.lang.GroovyShell.run(GroovyShell.java:218)
	at groovy.lang.GroovyShell.run(GroovyShell.java:147)
	at groovy.ui.GroovyMain.processOnce(GroovyMain.java:493)
	at groovy.ui.GroovyMain.run(GroovyMain.java:308)
	at groovy.ui.GroovyMain.process(GroovyMain.java:294)
	at groovy.ui.GroovyMain.processArgs(GroovyMain.java:111)
	at groovy.ui.GroovyMain.main(GroovyMain.java:92)
	at org.codehaus.groovy.tools.GroovyStarter.rootLoader(GroovyStarter.java:101)
	at org.codehaus.groovy.tools.GroovyStarter.main(GroovyStarter.java:130)
</failure>

      </testcase>

      <testcase classname="cuanto.test.packageOne.SampleTest" name="Parker" time="0.5" />

      <testcase classname="cuanto.test.packageOne.SampleTest" name="Wilde" time="0.713" />

      <testcase classname="cuanto.test.packageOne.SampleTest" name="Hemingway" time="0.623" />

      <testcase classname="cuanto.test.packageOne.SampleTest" name="Durrell" time="0.109" />

      <testcase classname="cuanto.test.packageOne.SampleTest" name="Hugo" time="0.086" />

      <testcase classname="cuanto.test.packageOne.SampleTest" name="Huxley" time="0.401" />

      <testcase classname="cuanto.test.packageOne.SampleTest" name="Ginsberg" time="0.344" />

      <testcase classname="cuanto.test.packageOne.SampleTest" name="Kerouac" time="0.935" />

      <testcase classname="cuanto.test.packageOne.SampleTest" name="Carver" time="0.165" />

      <testcase classname="cuanto.test.packageOne.SampleTest" name="Dunne" time="0.537">
          <error message="Test error" type="java.lang.RuntimeException">java.lang.RuntimeException: Test error
	at cuanto.test.packageOne.SampleTest.testMain(SampleTest.java:39)
	at cuanto.test.packageOne.SampleTest.runTest(SampleTest.java:29)
	at groovy.util.AntBuilder.nodeCompleted(AntBuilder.java:199)
	at groovy.util.BuilderSupport.doInvokeMethod(BuilderSupport.java:153)
	at groovy.util.AntBuilder.doInvokeMethod(AntBuilder.java:149)
	at groovy.util.BuilderSupport.invokeMethod(BuilderSupport.java:64)
	at org.codehaus.groovy.runtime.InvokerHelper.invokePogoMethod(InvokerHelper.java:784)
	at org.codehaus.groovy.runtime.InvokerHelper.invokeMethod(InvokerHelper.java:758)
	at org.codehaus.groovy.runtime.ScriptBytecodeAdapter.invokeMethodN(ScriptBytecodeAdapter.java:170)
	at CreateTests.executeBatchTests(CreateTests.groovy:26)
	at org.codehaus.groovy.reflection.CachedMethod.invoke(CachedMethod.java:86)
	at groovy.lang.MetaMethod.doMethodInvoke(MetaMethod.java:230)
	at groovy.lang.MetaClassImpl.invokeMethod(MetaClassImpl.java:912)
	at org.codehaus.groovy.runtime.ScriptBytecodeAdapter.invokeMethodOnCurrentN(ScriptBytecodeAdapter.java:78)
	at org.codehaus.groovy.runtime.ScriptBytecodeAdapter.invokeMethodOnCurrent0(ScriptBytecodeAdapter.java:112)
	at CreateTests.run(CreateTests.groovy:21)
	at org.codehaus.groovy.reflection.CachedMethod.invoke(CachedMethod.java:86)
	at groovy.lang.MetaMethod.doMethodInvoke(MetaMethod.java:230)
	at groovy.lang.MetaClassImpl.invokeMethod(MetaClassImpl.java:912)
	at groovy.lang.MetaClassImpl.invokeMethod(MetaClassImpl.java:756)
	at org.codehaus.groovy.runtime.InvokerHelper.invokePogoMethod(InvokerHelper.java:778)
	at org.codehaus.groovy.runtime.InvokerHelper.invokeMethod(InvokerHelper.java:758)
	at org.codehaus.groovy.runtime.InvokerHelper.runScript(InvokerHelper.java:401)
	at org.codehaus.groovy.reflection.CachedMethod.invoke(CachedMethod.java:86)
	at groovy.lang.MetaMethod.doMethodInvoke(MetaMethod.java:230)
	at groovy.lang.MetaClassImpl.invokeStaticMethod(MetaClassImpl.java:1105)
	at org.codehaus.groovy.runtime.InvokerHelper.invokeMethod(InvokerHelper.java:749)
	at org.codehaus.groovy.runtime.ScriptBytecodeAdapter.invokeMethodN(ScriptBytecodeAdapter.java:170)
	at CreateTests.main(CreateTests.groovy)
	at org.codehaus.groovy.reflection.CachedMethod.invoke(CachedMethod.java:86)
	at groovy.lang.MetaMethod.doMethodInvoke(MetaMethod.java:230)
	at groovy.lang.MetaClassImpl.invokeStaticMethod(MetaClassImpl.java:1105)
	at org.codehaus.groovy.runtime.InvokerHelper.invokeMethod(InvokerHelper.java:749)
	at groovy.lang.GroovyShell.runMainOrTestOrRunnable(GroovyShell.java:244)
	at groovy.lang.GroovyShell.run(GroovyShell.java:218)
	at groovy.lang.GroovyShell.run(GroovyShell.java:147)
	at groovy.ui.GroovyMain.processOnce(GroovyMain.java:493)
	at groovy.ui.GroovyMain.run(GroovyMain.java:308)
	at groovy.ui.GroovyMain.process(GroovyMain.java:294)
	at groovy.ui.GroovyMain.processArgs(GroovyMain.java:111)
	at groovy.ui.GroovyMain.main(GroovyMain.java:92)
	at org.codehaus.groovy.tools.GroovyStarter.rootLoader(GroovyStarter.java:101)
	at org.codehaus.groovy.tools.GroovyStarter.main(GroovyStarter.java:130)
</error>

      </testcase>

      <testcase classname="cuanto.test.packageOne.SampleTest" name="LeCarre" time="0.326">
          <failure message="LeCarre failed" type="junit.framework.AssertionFailedError">junit.framework.AssertionFailedError: LeCarre failed
	at cuanto.test.packageOne.SampleTest.testMain(SampleTest.java:37)
	at cuanto.test.packageOne.SampleTest.runTest(SampleTest.java:29)
	at groovy.util.AntBuilder.nodeCompleted(AntBuilder.java:199)
	at groovy.util.BuilderSupport.doInvokeMethod(BuilderSupport.java:153)
	at groovy.util.AntBuilder.doInvokeMethod(AntBuilder.java:149)
	at groovy.util.BuilderSupport.invokeMethod(BuilderSupport.java:64)
	at org.codehaus.groovy.runtime.InvokerHelper.invokePogoMethod(InvokerHelper.java:784)
	at org.codehaus.groovy.runtime.InvokerHelper.invokeMethod(InvokerHelper.java:758)
	at org.codehaus.groovy.runtime.ScriptBytecodeAdapter.invokeMethodN(ScriptBytecodeAdapter.java:170)
	at CreateTests.executeBatchTests(CreateTests.groovy:26)
	at org.codehaus.groovy.reflection.CachedMethod.invoke(CachedMethod.java:86)
	at groovy.lang.MetaMethod.doMethodInvoke(MetaMethod.java:230)
	at groovy.lang.MetaClassImpl.invokeMethod(MetaClassImpl.java:912)
	at org.codehaus.groovy.runtime.ScriptBytecodeAdapter.invokeMethodOnCurrentN(ScriptBytecodeAdapter.java:78)
	at org.codehaus.groovy.runtime.ScriptBytecodeAdapter.invokeMethodOnCurrent0(ScriptBytecodeAdapter.java:112)
	at CreateTests.run(CreateTests.groovy:21)
	at org.codehaus.groovy.reflection.CachedMethod.invoke(CachedMethod.java:86)
	at groovy.lang.MetaMethod.doMethodInvoke(MetaMethod.java:230)
	at groovy.lang.MetaClassImpl.invokeMethod(MetaClassImpl.java:912)
	at groovy.lang.MetaClassImpl.invokeMethod(MetaClassImpl.java:756)
	at org.codehaus.groovy.runtime.InvokerHelper.invokePogoMethod(InvokerHelper.java:778)
	at org.codehaus.groovy.runtime.InvokerHelper.invokeMethod(InvokerHelper.java:758)
	at org.codehaus.groovy.runtime.InvokerHelper.runScript(InvokerHelper.java:401)
	at org.codehaus.groovy.reflection.CachedMethod.invoke(CachedMethod.java:86)
	at groovy.lang.MetaMethod.doMethodInvoke(MetaMethod.java:230)
	at groovy.lang.MetaClassImpl.invokeStaticMethod(MetaClassImpl.java:1105)
	at org.codehaus.groovy.runtime.InvokerHelper.invokeMethod(InvokerHelper.java:749)
	at org.codehaus.groovy.runtime.ScriptBytecodeAdapter.invokeMethodN(ScriptBytecodeAdapter.java:170)
	at CreateTests.main(CreateTests.groovy)
	at org.codehaus.groovy.reflection.CachedMethod.invoke(CachedMethod.java:86)
	at groovy.lang.MetaMethod.doMethodInvoke(MetaMethod.java:230)
	at groovy.lang.MetaClassImpl.invokeStaticMethod(MetaClassImpl.java:1105)
	at org.codehaus.groovy.runtime.InvokerHelper.invokeMethod(InvokerHelper.java:749)
	at groovy.lang.GroovyShell.runMainOrTestOrRunnable(GroovyShell.java:244)
	at groovy.lang.GroovyShell.run(GroovyShell.java:218)
	at groovy.lang.GroovyShell.run(GroovyShell.java:147)
	at groovy.ui.GroovyMain.processOnce(GroovyMain.java:493)
	at groovy.ui.GroovyMain.run(GroovyMain.java:308)
	at groovy.ui.GroovyMain.process(GroovyMain.java:294)
	at groovy.ui.GroovyMain.processArgs(GroovyMain.java:111)
	at groovy.ui.GroovyMain.main(GroovyMain.java:92)
	at org.codehaus.groovy.tools.GroovyStarter.rootLoader(GroovyStarter.java:101)
	at org.codehaus.groovy.tools.GroovyStarter.main(GroovyStarter.java:130)
</failure>

      </testcase>

      <testcase classname="cuanto.test.packageOne.SampleTest" name="Chabon" time="0.176" />

      <testcase classname="cuanto.test.packageOne.SampleTest" name="Christie" time="0.883" />

      <testcase classname="cuanto.test.packageOne.SampleTest" name="Austen" time="0.888" />

      <testcase classname="cuanto.test.packageOne.SampleTest" name="Azimov" time="0.733">
          <failure message="Azimov failed" type="junit.framework.AssertionFailedError">junit.framework.AssertionFailedError: Azimov failed
	at cuanto.test.packageOne.SampleTest.testMain(SampleTest.java:37)
	at cuanto.test.packageOne.SampleTest.runTest(SampleTest.java:29)
	at groovy.util.AntBuilder.nodeCompleted(AntBuilder.java:199)
	at groovy.util.BuilderSupport.doInvokeMethod(BuilderSupport.java:153)
	at groovy.util.AntBuilder.doInvokeMethod(AntBuilder.java:149)
	at groovy.util.BuilderSupport.invokeMethod(BuilderSupport.java:64)
	at org.codehaus.groovy.runtime.InvokerHelper.invokePogoMethod(InvokerHelper.java:784)
	at org.codehaus.groovy.runtime.InvokerHelper.invokeMethod(InvokerHelper.java:758)
	at org.codehaus.groovy.runtime.ScriptBytecodeAdapter.invokeMethodN(ScriptBytecodeAdapter.java:170)
	at CreateTests.executeBatchTests(CreateTests.groovy:26)
	at org.codehaus.groovy.reflection.CachedMethod.invoke(CachedMethod.java:86)
	at groovy.lang.MetaMethod.doMethodInvoke(MetaMethod.java:230)
	at groovy.lang.MetaClassImpl.invokeMethod(MetaClassImpl.java:912)
	at org.codehaus.groovy.runtime.ScriptBytecodeAdapter.invokeMethodOnCurrentN(ScriptBytecodeAdapter.java:78)
	at org.codehaus.groovy.runtime.ScriptBytecodeAdapter.invokeMethodOnCurrent0(ScriptBytecodeAdapter.java:112)
	at CreateTests.run(CreateTests.groovy:21)
	at org.codehaus.groovy.reflection.CachedMethod.invoke(CachedMethod.java:86)
	at groovy.lang.MetaMethod.doMethodInvoke(MetaMethod.java:230)
	at groovy.lang.MetaClassImpl.invokeMethod(MetaClassImpl.java:912)
	at groovy.lang.MetaClassImpl.invokeMethod(MetaClassImpl.java:756)
	at org.codehaus.groovy.runtime.InvokerHelper.invokePogoMethod(InvokerHelper.java:778)
	at org.codehaus.groovy.runtime.InvokerHelper.invokeMethod(InvokerHelper.java:758)
	at org.codehaus.groovy.runtime.InvokerHelper.runScript(InvokerHelper.java:401)
	at org.codehaus.groovy.reflection.CachedMethod.invoke(CachedMethod.java:86)
	at groovy.lang.MetaMethod.doMethodInvoke(MetaMethod.java:230)
	at groovy.lang.MetaClassImpl.invokeStaticMethod(MetaClassImpl.java:1105)
	at org.codehaus.groovy.runtime.InvokerHelper.invokeMethod(InvokerHelper.java:749)
	at org.codehaus.groovy.runtime.ScriptBytecodeAdapter.invokeMethodN(ScriptBytecodeAdapter.java:170)
	at CreateTests.main(CreateTests.groovy)
	at org.codehaus.groovy.reflection.CachedMethod.invoke(CachedMethod.java:86)
	at groovy.lang.MetaMethod.doMethodInvoke(MetaMethod.java:230)
	at groovy.lang.MetaClassImpl.invokeStaticMethod(MetaClassImpl.java:1105)
	at org.codehaus.groovy.runtime.InvokerHelper.invokeMethod(InvokerHelper.java:749)
	at groovy.lang.GroovyShell.runMainOrTestOrRunnable(GroovyShell.java:244)
	at groovy.lang.GroovyShell.run(GroovyShell.java:218)
	at groovy.lang.GroovyShell.run(GroovyShell.java:147)
	at groovy.ui.GroovyMain.processOnce(GroovyMain.java:493)
	at groovy.ui.GroovyMain.run(GroovyMain.java:308)
	at groovy.ui.GroovyMain.process(GroovyMain.java:294)
	at groovy.ui.GroovyMain.processArgs(GroovyMain.java:111)
	at groovy.ui.GroovyMain.main(GroovyMain.java:92)
	at org.codehaus.groovy.tools.GroovyStarter.rootLoader(GroovyStarter.java:101)
	at org.codehaus.groovy.tools.GroovyStarter.main(GroovyStarter.java:130)
</failure>

      </testcase>

      <testcase classname="cuanto.test.packageOne.SampleTest" name="Kesey" time="0.589" />

      <testcase classname="cuanto.test.packageOne.SampleTest" name="Greene" time="0.327" />

      <testcase classname="cuanto.test.packageOne.SampleTest" name="Eliot" time="0.577" />

      <testcase classname="cuanto.test.packageOne.SampleTest" name="Chaucer" time="0.11" />

      <testcase classname="cuanto.test.packageOne.SampleTest" name="Bellow" time="0.77" />

      <testcase classname="cuanto.test.packageOne.SampleTest" name="Hesse" time="0.195" />

      <testcase classname="cuanto.test.packageOne.SampleTest" name="Miller" time="0.692" />

      <system-out />

      <system-err />

  </testsuite>
  <testsuite errors="2" failures="2" hostname="tpot.local" id="1" name="SampleTestThree" package="cuanto.test.packageThree" tests="12" time="4.023" timestamp="2008-09-29T02:24:39">
      <properties>
[...]
</properties>

      <testcase classname="cuanto.test.packageOne.SampleTest" name="Cookies" time="0.312">
          <error message="Test error" type="java.lang.RuntimeException">java.lang.RuntimeException: Test error
	at cuanto.test.packageOne.SampleTest.testMain(SampleTest.java:39)
	at cuanto.test.packageOne.SampleTest.runTest(SampleTest.java:29)
	at groovy.util.AntBuilder.nodeCompleted(AntBuilder.java:199)
	at groovy.util.BuilderSupport.doInvokeMethod(BuilderSupport.java:153)
	at groovy.util.AntBuilder.doInvokeMethod(AntBuilder.java:149)
	at groovy.util.BuilderSupport.invokeMethod(BuilderSupport.java:64)
	at org.codehaus.groovy.runtime.InvokerHelper.invokePogoMethod(InvokerHelper.java:784)
	at org.codehaus.groovy.runtime.InvokerHelper.invokeMethod(InvokerHelper.java:758)
	at org.codehaus.groovy.runtime.ScriptBytecodeAdapter.invokeMethodN(ScriptBytecodeAdapter.java:170)
	at CreateTests.executeBatchTests(CreateTests.groovy:26)
	at org.codehaus.groovy.reflection.CachedMethod.invoke(CachedMethod.java:86)
	at groovy.lang.MetaMethod.doMethodInvoke(MetaMethod.java:230)
	at groovy.lang.MetaClassImpl.invokeMethod(MetaClassImpl.java:912)
	at org.codehaus.groovy.runtime.ScriptBytecodeAdapter.invokeMethodOnCurrentN(ScriptBytecodeAdapter.java:78)
	at org.codehaus.groovy.runtime.ScriptBytecodeAdapter.invokeMethodOnCurrent0(ScriptBytecodeAdapter.java:112)
	at CreateTests.run(CreateTests.groovy:21)
	at org.codehaus.groovy.reflection.CachedMethod.invoke(CachedMethod.java:86)
	at groovy.lang.MetaMethod.doMethodInvoke(MetaMethod.java:230)
	at groovy.lang.MetaClassImpl.invokeMethod(MetaClassImpl.java:912)
	at groovy.lang.MetaClassImpl.invokeMethod(MetaClassImpl.java:756)
	at org.codehaus.groovy.runtime.InvokerHelper.invokePogoMethod(InvokerHelper.java:778)
	at org.codehaus.groovy.runtime.InvokerHelper.invokeMethod(InvokerHelper.java:758)
	at org.codehaus.groovy.runtime.InvokerHelper.runScript(InvokerHelper.java:401)
	at org.codehaus.groovy.reflection.CachedMethod.invoke(CachedMethod.java:86)
	at groovy.lang.MetaMethod.doMethodInvoke(MetaMethod.java:230)
	at groovy.lang.MetaClassImpl.invokeStaticMethod(MetaClassImpl.java:1105)
	at org.codehaus.groovy.runtime.InvokerHelper.invokeMethod(InvokerHelper.java:749)
	at org.codehaus.groovy.runtime.ScriptBytecodeAdapter.invokeMethodN(ScriptBytecodeAdapter.java:170)
	at CreateTests.main(CreateTests.groovy)
	at org.codehaus.groovy.reflection.CachedMethod.invoke(CachedMethod.java:86)
	at groovy.lang.MetaMethod.doMethodInvoke(MetaMethod.java:230)
	at groovy.lang.MetaClassImpl.invokeStaticMethod(MetaClassImpl.java:1105)
	at org.codehaus.groovy.runtime.InvokerHelper.invokeMethod(InvokerHelper.java:749)
	at groovy.lang.GroovyShell.runMainOrTestOrRunnable(GroovyShell.java:244)
	at groovy.lang.GroovyShell.run(GroovyShell.java:218)
	at groovy.lang.GroovyShell.run(GroovyShell.java:147)
	at groovy.ui.GroovyMain.processOnce(GroovyMain.java:493)
	at groovy.ui.GroovyMain.run(GroovyMain.java:308)
	at groovy.ui.GroovyMain.process(GroovyMain.java:294)
	at groovy.ui.GroovyMain.processArgs(GroovyMain.java:111)
	at groovy.ui.GroovyMain.main(GroovyMain.java:92)
	at org.codehaus.groovy.tools.GroovyStarter.rootLoader(GroovyStarter.java:101)
	at org.codehaus.groovy.tools.GroovyStarter.main(GroovyStarter.java:130)
</error>

      </testcase>

      <testcase classname="cuanto.test.packageOne.SampleTest" name="Brownies" time="0.035">
          <failure message="Brownies failed" type="junit.framework.AssertionFailedError">junit.framework.AssertionFailedError: Brownies failed
	at cuanto.test.packageOne.SampleTest.testMain(SampleTest.java:37)
	at cuanto.test.packageOne.SampleTest.runTest(SampleTest.java:29)
	at groovy.util.AntBuilder.nodeCompleted(AntBuilder.java:199)
	at groovy.util.BuilderSupport.doInvokeMethod(BuilderSupport.java:153)
	at groovy.util.AntBuilder.doInvokeMethod(AntBuilder.java:149)
	at groovy.util.BuilderSupport.invokeMethod(BuilderSupport.java:64)
	at org.codehaus.groovy.runtime.InvokerHelper.invokePogoMethod(InvokerHelper.java:784)
	at org.codehaus.groovy.runtime.InvokerHelper.invokeMethod(InvokerHelper.java:758)
	at org.codehaus.groovy.runtime.ScriptBytecodeAdapter.invokeMethodN(ScriptBytecodeAdapter.java:170)
	at CreateTests.executeBatchTests(CreateTests.groovy:26)
	at org.codehaus.groovy.reflection.CachedMethod.invoke(CachedMethod.java:86)
	at groovy.lang.MetaMethod.doMethodInvoke(MetaMethod.java:230)
	at groovy.lang.MetaClassImpl.invokeMethod(MetaClassImpl.java:912)
	at org.codehaus.groovy.runtime.ScriptBytecodeAdapter.invokeMethodOnCurrentN(ScriptBytecodeAdapter.java:78)
	at org.codehaus.groovy.runtime.ScriptBytecodeAdapter.invokeMethodOnCurrent0(ScriptBytecodeAdapter.java:112)
	at CreateTests.run(CreateTests.groovy:21)
	at org.codehaus.groovy.reflection.CachedMethod.invoke(CachedMethod.java:86)
	at groovy.lang.MetaMethod.doMethodInvoke(MetaMethod.java:230)
	at groovy.lang.MetaClassImpl.invokeMethod(MetaClassImpl.java:912)
	at groovy.lang.MetaClassImpl.invokeMethod(MetaClassImpl.java:756)
	at org.codehaus.groovy.runtime.InvokerHelper.invokePogoMethod(InvokerHelper.java:778)
	at org.codehaus.groovy.runtime.InvokerHelper.invokeMethod(InvokerHelper.java:758)
	at org.codehaus.groovy.runtime.InvokerHelper.runScript(InvokerHelper.java:401)
	at org.codehaus.groovy.reflection.CachedMethod.invoke(CachedMethod.java:86)
	at groovy.lang.MetaMethod.doMethodInvoke(MetaMethod.java:230)
	at groovy.lang.MetaClassImpl.invokeStaticMethod(MetaClassImpl.java:1105)
	at org.codehaus.groovy.runtime.InvokerHelper.invokeMethod(InvokerHelper.java:749)
	at org.codehaus.groovy.runtime.ScriptBytecodeAdapter.invokeMethodN(ScriptBytecodeAdapter.java:170)
	at CreateTests.main(CreateTests.groovy)
	at org.codehaus.groovy.reflection.CachedMethod.invoke(CachedMethod.java:86)
	at groovy.lang.MetaMethod.doMethodInvoke(MetaMethod.java:230)
	at groovy.lang.MetaClassImpl.invokeStaticMethod(MetaClassImpl.java:1105)
	at org.codehaus.groovy.runtime.InvokerHelper.invokeMethod(InvokerHelper.java:749)
	at groovy.lang.GroovyShell.runMainOrTestOrRunnable(GroovyShell.java:244)
	at groovy.lang.GroovyShell.run(GroovyShell.java:218)
	at groovy.lang.GroovyShell.run(GroovyShell.java:147)
	at groovy.ui.GroovyMain.processOnce(GroovyMain.java:493)
	at groovy.ui.GroovyMain.run(GroovyMain.java:308)
	at groovy.ui.GroovyMain.process(GroovyMain.java:294)
	at groovy.ui.GroovyMain.processArgs(GroovyMain.java:111)
	at groovy.ui.GroovyMain.main(GroovyMain.java:92)
	at org.codehaus.groovy.tools.GroovyStarter.rootLoader(GroovyStarter.java:101)
	at org.codehaus.groovy.tools.GroovyStarter.main(GroovyStarter.java:130)
</failure>

      </testcase>

      <testcase classname="cuanto.test.packageOne.SampleTest" name="Cake" time="0.252">
          <error message="Test error" type="java.lang.RuntimeException">java.lang.RuntimeException: Test error
	at cuanto.test.packageOne.SampleTest.testMain(SampleTest.java:39)
	at cuanto.test.packageOne.SampleTest.runTest(SampleTest.java:29)
	at groovy.util.AntBuilder.nodeCompleted(AntBuilder.java:199)
	at groovy.util.BuilderSupport.doInvokeMethod(BuilderSupport.java:153)
	at groovy.util.AntBuilder.doInvokeMethod(AntBuilder.java:149)
	at groovy.util.BuilderSupport.invokeMethod(BuilderSupport.java:64)
	at org.codehaus.groovy.runtime.InvokerHelper.invokePogoMethod(InvokerHelper.java:784)
	at org.codehaus.groovy.runtime.InvokerHelper.invokeMethod(InvokerHelper.java:758)
	at org.codehaus.groovy.runtime.ScriptBytecodeAdapter.invokeMethodN(ScriptBytecodeAdapter.java:170)
	at CreateTests.executeBatchTests(CreateTests.groovy:26)
	at org.codehaus.groovy.reflection.CachedMethod.invoke(CachedMethod.java:86)
	at groovy.lang.MetaMethod.doMethodInvoke(MetaMethod.java:230)
	at groovy.lang.MetaClassImpl.invokeMethod(MetaClassImpl.java:912)
	at org.codehaus.groovy.runtime.ScriptBytecodeAdapter.invokeMethodOnCurrentN(ScriptBytecodeAdapter.java:78)
	at org.codehaus.groovy.runtime.ScriptBytecodeAdapter.invokeMethodOnCurrent0(ScriptBytecodeAdapter.java:112)
	at CreateTests.run(CreateTests.groovy:21)
	at org.codehaus.groovy.reflection.CachedMethod.invoke(CachedMethod.java:86)
	at groovy.lang.MetaMethod.doMethodInvoke(MetaMethod.java:230)
	at groovy.lang.MetaClassImpl.invokeMethod(MetaClassImpl.java:912)
	at groovy.lang.MetaClassImpl.invokeMethod(MetaClassImpl.java:756)
	at org.codehaus.groovy.runtime.InvokerHelper.invokePogoMethod(InvokerHelper.java:778)
	at org.codehaus.groovy.runtime.InvokerHelper.invokeMethod(InvokerHelper.java:758)
	at org.codehaus.groovy.runtime.InvokerHelper.runScript(InvokerHelper.java:401)
	at org.codehaus.groovy.reflection.CachedMethod.invoke(CachedMethod.java:86)
	at groovy.lang.MetaMethod.doMethodInvoke(MetaMethod.java:230)
	at groovy.lang.MetaClassImpl.invokeStaticMethod(MetaClassImpl.java:1105)
	at org.codehaus.groovy.runtime.InvokerHelper.invokeMethod(InvokerHelper.java:749)
	at org.codehaus.groovy.runtime.ScriptBytecodeAdapter.invokeMethodN(ScriptBytecodeAdapter.java:170)
	at CreateTests.main(CreateTests.groovy)
	at org.codehaus.groovy.reflection.CachedMethod.invoke(CachedMethod.java:86)
	at groovy.lang.MetaMethod.doMethodInvoke(MetaMethod.java:230)
	at groovy.lang.MetaClassImpl.invokeStaticMethod(MetaClassImpl.java:1105)
	at org.codehaus.groovy.runtime.InvokerHelper.invokeMethod(InvokerHelper.java:749)
	at groovy.lang.GroovyShell.runMainOrTestOrRunnable(GroovyShell.java:244)
	at groovy.lang.GroovyShell.run(GroovyShell.java:218)
	at groovy.lang.GroovyShell.run(GroovyShell.java:147)
	at groovy.ui.GroovyMain.processOnce(GroovyMain.java:493)
	at groovy.ui.GroovyMain.run(GroovyMain.java:308)
	at groovy.ui.GroovyMain.process(GroovyMain.java:294)
	at groovy.ui.GroovyMain.processArgs(GroovyMain.java:111)
	at groovy.ui.GroovyMain.main(GroovyMain.java:92)
	at org.codehaus.groovy.tools.GroovyStarter.rootLoader(GroovyStarter.java:101)
	at org.codehaus.groovy.tools.GroovyStarter.main(GroovyStarter.java:130)
</error>

      </testcase>

      <testcase classname="cuanto.test.packageOne.SampleTest" name="Pie" time="0.395" />

      <testcase classname="cuanto.test.packageOne.SampleTest" name="Pudding" time="0.32" />

      <testcase classname="cuanto.test.packageOne.SampleTest" name="Cobbler" time="0.0070" />

      <testcase classname="cuanto.test.packageOne.SampleTest" name="IceCream" time="0.743" />

      <testcase classname="cuanto.test.packageOne.SampleTest" name="Tart" time="0.297">
          <failure message="Tart failed" type="junit.framework.AssertionFailedError">junit.framework.AssertionFailedError: Tart failed
	at cuanto.test.packageOne.SampleTest.testMain(SampleTest.java:37)
	at cuanto.test.packageOne.SampleTest.runTest(SampleTest.java:29)
	at groovy.util.AntBuilder.nodeCompleted(AntBuilder.java:199)
	at groovy.util.BuilderSupport.doInvokeMethod(BuilderSupport.java:153)
	at groovy.util.AntBuilder.doInvokeMethod(AntBuilder.java:149)
	at groovy.util.BuilderSupport.invokeMethod(BuilderSupport.java:64)
	at org.codehaus.groovy.runtime.InvokerHelper.invokePogoMethod(InvokerHelper.java:784)
	at org.codehaus.groovy.runtime.InvokerHelper.invokeMethod(InvokerHelper.java:758)
	at org.codehaus.groovy.runtime.ScriptBytecodeAdapter.invokeMethodN(ScriptBytecodeAdapter.java:170)
	at CreateTests.executeBatchTests(CreateTests.groovy:26)
	at org.codehaus.groovy.reflection.CachedMethod.invoke(CachedMethod.java:86)
	at groovy.lang.MetaMethod.doMethodInvoke(MetaMethod.java:230)
	at groovy.lang.MetaClassImpl.invokeMethod(MetaClassImpl.java:912)
	at org.codehaus.groovy.runtime.ScriptBytecodeAdapter.invokeMethodOnCurrentN(ScriptBytecodeAdapter.java:78)
	at org.codehaus.groovy.runtime.ScriptBytecodeAdapter.invokeMethodOnCurrent0(ScriptBytecodeAdapter.java:112)
	at CreateTests.run(CreateTests.groovy:21)
	at org.codehaus.groovy.reflection.CachedMethod.invoke(CachedMethod.java:86)
	at groovy.lang.MetaMethod.doMethodInvoke(MetaMethod.java:230)
	at groovy.lang.MetaClassImpl.invokeMethod(MetaClassImpl.java:912)
	at groovy.lang.MetaClassImpl.invokeMethod(MetaClassImpl.java:756)
	at org.codehaus.groovy.runtime.InvokerHelper.invokePogoMethod(InvokerHelper.java:778)
	at org.codehaus.groovy.runtime.InvokerHelper.invokeMethod(InvokerHelper.java:758)
	at org.codehaus.groovy.runtime.InvokerHelper.runScript(InvokerHelper.java:401)
	at org.codehaus.groovy.reflection.CachedMethod.invoke(CachedMethod.java:86)
	at groovy.lang.MetaMethod.doMethodInvoke(MetaMethod.java:230)
	at groovy.lang.MetaClassImpl.invokeStaticMethod(MetaClassImpl.java:1105)
	at org.codehaus.groovy.runtime.InvokerHelper.invokeMethod(InvokerHelper.java:749)
	at org.codehaus.groovy.runtime.ScriptBytecodeAdapter.invokeMethodN(ScriptBytecodeAdapter.java:170)
	at CreateTests.main(CreateTests.groovy)
	at org.codehaus.groovy.reflection.CachedMethod.invoke(CachedMethod.java:86)
	at groovy.lang.MetaMethod.doMethodInvoke(MetaMethod.java:230)
	at groovy.lang.MetaClassImpl.invokeStaticMethod(MetaClassImpl.java:1105)
	at org.codehaus.groovy.runtime.InvokerHelper.invokeMethod(InvokerHelper.java:749)
	at groovy.lang.GroovyShell.runMainOrTestOrRunnable(GroovyShell.java:244)
	at groovy.lang.GroovyShell.run(GroovyShell.java:218)
	at groovy.lang.GroovyShell.run(GroovyShell.java:147)
	at groovy.ui.GroovyMain.processOnce(GroovyMain.java:493)
	at groovy.ui.GroovyMain.run(GroovyMain.java:308)
	at groovy.ui.GroovyMain.process(GroovyMain.java:294)
	at groovy.ui.GroovyMain.processArgs(GroovyMain.java:111)
	at groovy.ui.GroovyMain.main(GroovyMain.java:92)
	at org.codehaus.groovy.tools.GroovyStarter.rootLoader(GroovyStarter.java:101)
	at org.codehaus.groovy.tools.GroovyStarter.main(GroovyStarter.java:130)
</failure>

      </testcase>

      <testcase classname="cuanto.test.packageOne.SampleTest" name="Mousse" time="0.185" />

      <testcase classname="cuanto.test.packageOne.SampleTest" name="Tiramisu" time="0.253" />

      <testcase classname="cuanto.test.packageOne.SampleTest" name="Parfaits" time="0.362" />

      <testcase classname="cuanto.test.packageOne.SampleTest" name="Sundaes" time="0.853" />

      <system-out />

      <system-err />

  </testsuite>
  <testsuite errors="1" failures="2" hostname="tpot.local" id="2" name="SampleTestTwo" package="cuanto.test.packageTwo" tests="10" time="5.042" timestamp="2008-09-29T02:24:43">
      <properties>
[...]
</properties>

      <testcase classname="cuanto.test.packageOne.SampleTest" name="Latte" time="0.869" />

      <testcase classname="cuanto.test.packageOne.SampleTest" name="Espresso" time="0.206" />

      <testcase classname="cuanto.test.packageOne.SampleTest" name="Mocha" time="0.529" />

      <testcase classname="cuanto.test.packageOne.SampleTest" name="Macchiatto" time="0.224">
          <error message="Test error" type="java.lang.RuntimeException">java.lang.RuntimeException: Test error
	at cuanto.test.packageOne.SampleTest.testMain(SampleTest.java:39)
	at cuanto.test.packageOne.SampleTest.runTest(SampleTest.java:29)
	at groovy.util.AntBuilder.nodeCompleted(AntBuilder.java:199)
	at groovy.util.BuilderSupport.doInvokeMethod(BuilderSupport.java:153)
	at groovy.util.AntBuilder.doInvokeMethod(AntBuilder.java:149)
	at groovy.util.BuilderSupport.invokeMethod(BuilderSupport.java:64)
	at org.codehaus.groovy.runtime.InvokerHelper.invokePogoMethod(InvokerHelper.java:784)
	at org.codehaus.groovy.runtime.InvokerHelper.invokeMethod(InvokerHelper.java:758)
	at org.codehaus.groovy.runtime.ScriptBytecodeAdapter.invokeMethodN(ScriptBytecodeAdapter.java:170)
	at CreateTests.executeBatchTests(CreateTests.groovy:26)
	at org.codehaus.groovy.reflection.CachedMethod.invoke(CachedMethod.java:86)
	at groovy.lang.MetaMethod.doMethodInvoke(MetaMethod.java:230)
	at groovy.lang.MetaClassImpl.invokeMethod(MetaClassImpl.java:912)
	at org.codehaus.groovy.runtime.ScriptBytecodeAdapter.invokeMethodOnCurrentN(ScriptBytecodeAdapter.java:78)
	at org.codehaus.groovy.runtime.ScriptBytecodeAdapter.invokeMethodOnCurrent0(ScriptBytecodeAdapter.java:112)
	at CreateTests.run(CreateTests.groovy:21)
	at org.codehaus.groovy.reflection.CachedMethod.invoke(CachedMethod.java:86)
	at groovy.lang.MetaMethod.doMethodInvoke(MetaMethod.java:230)
	at groovy.lang.MetaClassImpl.invokeMethod(MetaClassImpl.java:912)
	at groovy.lang.MetaClassImpl.invokeMethod(MetaClassImpl.java:756)
	at org.codehaus.groovy.runtime.InvokerHelper.invokePogoMethod(InvokerHelper.java:778)
	at org.codehaus.groovy.runtime.InvokerHelper.invokeMethod(InvokerHelper.java:758)
	at org.codehaus.groovy.runtime.InvokerHelper.runScript(InvokerHelper.java:401)
	at org.codehaus.groovy.reflection.CachedMethod.invoke(CachedMethod.java:86)
	at groovy.lang.MetaMethod.doMethodInvoke(MetaMethod.java:230)
	at groovy.lang.MetaClassImpl.invokeStaticMethod(MetaClassImpl.java:1105)
	at org.codehaus.groovy.runtime.InvokerHelper.invokeMethod(InvokerHelper.java:749)
	at org.codehaus.groovy.runtime.ScriptBytecodeAdapter.invokeMethodN(ScriptBytecodeAdapter.java:170)
	at CreateTests.main(CreateTests.groovy)
	at org.codehaus.groovy.reflection.CachedMethod.invoke(CachedMethod.java:86)
	at groovy.lang.MetaMethod.doMethodInvoke(MetaMethod.java:230)
	at groovy.lang.MetaClassImpl.invokeStaticMethod(MetaClassImpl.java:1105)
	at org.codehaus.groovy.runtime.InvokerHelper.invokeMethod(InvokerHelper.java:749)
	at groovy.lang.GroovyShell.runMainOrTestOrRunnable(GroovyShell.java:244)
	at groovy.lang.GroovyShell.run(GroovyShell.java:218)
	at groovy.lang.GroovyShell.run(GroovyShell.java:147)
	at groovy.ui.GroovyMain.processOnce(GroovyMain.java:493)
	at groovy.ui.GroovyMain.run(GroovyMain.java:308)
	at groovy.ui.GroovyMain.process(GroovyMain.java:294)
	at groovy.ui.GroovyMain.processArgs(GroovyMain.java:111)
	at groovy.ui.GroovyMain.main(GroovyMain.java:92)
	at org.codehaus.groovy.tools.GroovyStarter.rootLoader(GroovyStarter.java:101)
	at org.codehaus.groovy.tools.GroovyStarter.main(GroovyStarter.java:130)
</error>

      </testcase>

      <testcase classname="cuanto.test.packageOne.SampleTest" name="Cappuccino" time="0.851">
          <failure message="Cappuccino failed" type="junit.framework.AssertionFailedError">junit.framework.AssertionFailedError: Cappuccino failed
	at cuanto.test.packageOne.SampleTest.testMain(SampleTest.java:37)
	at cuanto.test.packageOne.SampleTest.runTest(SampleTest.java:29)
	at groovy.util.AntBuilder.nodeCompleted(AntBuilder.java:199)
	at groovy.util.BuilderSupport.doInvokeMethod(BuilderSupport.java:153)
	at groovy.util.AntBuilder.doInvokeMethod(AntBuilder.java:149)
	at groovy.util.BuilderSupport.invokeMethod(BuilderSupport.java:64)
	at org.codehaus.groovy.runtime.InvokerHelper.invokePogoMethod(InvokerHelper.java:784)
	at org.codehaus.groovy.runtime.InvokerHelper.invokeMethod(InvokerHelper.java:758)
	at org.codehaus.groovy.runtime.ScriptBytecodeAdapter.invokeMethodN(ScriptBytecodeAdapter.java:170)
	at CreateTests.executeBatchTests(CreateTests.groovy:26)
	at org.codehaus.groovy.reflection.CachedMethod.invoke(CachedMethod.java:86)
	at groovy.lang.MetaMethod.doMethodInvoke(MetaMethod.java:230)
	at groovy.lang.MetaClassImpl.invokeMethod(MetaClassImpl.java:912)
	at org.codehaus.groovy.runtime.ScriptBytecodeAdapter.invokeMethodOnCurrentN(ScriptBytecodeAdapter.java:78)
	at org.codehaus.groovy.runtime.ScriptBytecodeAdapter.invokeMethodOnCurrent0(ScriptBytecodeAdapter.java:112)
	at CreateTests.run(CreateTests.groovy:21)
	at org.codehaus.groovy.reflection.CachedMethod.invoke(CachedMethod.java:86)
	at groovy.lang.MetaMethod.doMethodInvoke(MetaMethod.java:230)
	at groovy.lang.MetaClassImpl.invokeMethod(MetaClassImpl.java:912)
	at groovy.lang.MetaClassImpl.invokeMethod(MetaClassImpl.java:756)
	at org.codehaus.groovy.runtime.InvokerHelper.invokePogoMethod(InvokerHelper.java:778)
	at org.codehaus.groovy.runtime.InvokerHelper.invokeMethod(InvokerHelper.java:758)
	at org.codehaus.groovy.runtime.InvokerHelper.runScript(InvokerHelper.java:401)
	at org.codehaus.groovy.reflection.CachedMethod.invoke(CachedMethod.java:86)
	at groovy.lang.MetaMethod.doMethodInvoke(MetaMethod.java:230)
	at groovy.lang.MetaClassImpl.invokeStaticMethod(MetaClassImpl.java:1105)
	at org.codehaus.groovy.runtime.InvokerHelper.invokeMethod(InvokerHelper.java:749)
	at org.codehaus.groovy.runtime.ScriptBytecodeAdapter.invokeMethodN(ScriptBytecodeAdapter.java:170)
	at CreateTests.main(CreateTests.groovy)
	at org.codehaus.groovy.reflection.CachedMethod.invoke(CachedMethod.java:86)
	at groovy.lang.MetaMethod.doMethodInvoke(MetaMethod.java:230)
	at groovy.lang.MetaClassImpl.invokeStaticMethod(MetaClassImpl.java:1105)
	at org.codehaus.groovy.runtime.InvokerHelper.invokeMethod(InvokerHelper.java:749)
	at groovy.lang.GroovyShell.runMainOrTestOrRunnable(GroovyShell.java:244)
	at groovy.lang.GroovyShell.run(GroovyShell.java:218)
	at groovy.lang.GroovyShell.run(GroovyShell.java:147)
	at groovy.ui.GroovyMain.processOnce(GroovyMain.java:493)
	at groovy.ui.GroovyMain.run(GroovyMain.java:308)
	at groovy.ui.GroovyMain.process(GroovyMain.java:294)
	at groovy.ui.GroovyMain.processArgs(GroovyMain.java:111)
	at groovy.ui.GroovyMain.main(GroovyMain.java:92)
	at org.codehaus.groovy.tools.GroovyStarter.rootLoader(GroovyStarter.java:101)
	at org.codehaus.groovy.tools.GroovyStarter.main(GroovyStarter.java:130)
</failure>

      </testcase>

      <testcase classname="cuanto.test.packageOne.SampleTest" name="Drip" time="0.347" />

      <testcase classname="cuanto.test.packageOne.SampleTest" name="Americano" time="0.418" />

      <testcase classname="cuanto.test.packageOne.SampleTest" name="Breva" time="0.84">
          <failure message="Breva failed" type="junit.framework.AssertionFailedError">junit.framework.AssertionFailedError: Breva failed
	at cuanto.test.packageOne.SampleTest.testMain(SampleTest.java:37)
	at cuanto.test.packageOne.SampleTest.runTest(SampleTest.java:29)
	at groovy.util.AntBuilder.nodeCompleted(AntBuilder.java:199)
	at groovy.util.BuilderSupport.doInvokeMethod(BuilderSupport.java:153)
	at groovy.util.AntBuilder.doInvokeMethod(AntBuilder.java:149)
	at groovy.util.BuilderSupport.invokeMethod(BuilderSupport.java:64)
	at org.codehaus.groovy.runtime.InvokerHelper.invokePogoMethod(InvokerHelper.java:784)
	at org.codehaus.groovy.runtime.InvokerHelper.invokeMethod(InvokerHelper.java:758)
	at org.codehaus.groovy.runtime.ScriptBytecodeAdapter.invokeMethodN(ScriptBytecodeAdapter.java:170)
	at CreateTests.executeBatchTests(CreateTests.groovy:26)
	at org.codehaus.groovy.reflection.CachedMethod.invoke(CachedMethod.java:86)
	at groovy.lang.MetaMethod.doMethodInvoke(MetaMethod.java:230)
	at groovy.lang.MetaClassImpl.invokeMethod(MetaClassImpl.java:912)
	at org.codehaus.groovy.runtime.ScriptBytecodeAdapter.invokeMethodOnCurrentN(ScriptBytecodeAdapter.java:78)
	at org.codehaus.groovy.runtime.ScriptBytecodeAdapter.invokeMethodOnCurrent0(ScriptBytecodeAdapter.java:112)
	at CreateTests.run(CreateTests.groovy:21)
	at org.codehaus.groovy.reflection.CachedMethod.invoke(CachedMethod.java:86)
	at groovy.lang.MetaMethod.doMethodInvoke(MetaMethod.java:230)
	at groovy.lang.MetaClassImpl.invokeMethod(MetaClassImpl.java:912)
	at groovy.lang.MetaClassImpl.invokeMethod(MetaClassImpl.java:756)
	at org.codehaus.groovy.runtime.InvokerHelper.invokePogoMethod(InvokerHelper.java:778)
	at org.codehaus.groovy.runtime.InvokerHelper.invokeMethod(InvokerHelper.java:758)
	at org.codehaus.groovy.runtime.InvokerHelper.runScript(InvokerHelper.java:401)
	at org.codehaus.groovy.reflection.CachedMethod.invoke(CachedMethod.java:86)
	at groovy.lang.MetaMethod.doMethodInvoke(MetaMethod.java:230)
	at groovy.lang.MetaClassImpl.invokeStaticMethod(MetaClassImpl.java:1105)
	at org.codehaus.groovy.runtime.InvokerHelper.invokeMethod(InvokerHelper.java:749)
	at org.codehaus.groovy.runtime.ScriptBytecodeAdapter.invokeMethodN(ScriptBytecodeAdapter.java:170)
	at CreateTests.main(CreateTests.groovy)
	at org.codehaus.groovy.reflection.CachedMethod.invoke(CachedMethod.java:86)
	at groovy.lang.MetaMethod.doMethodInvoke(MetaMethod.java:230)
	at groovy.lang.MetaClassImpl.invokeStaticMethod(MetaClassImpl.java:1105)
	at org.codehaus.groovy.runtime.InvokerHelper.invokeMethod(InvokerHelper.java:749)
	at groovy.lang.GroovyShell.runMainOrTestOrRunnable(GroovyShell.java:244)
	at groovy.lang.GroovyShell.run(GroovyShell.java:218)
	at groovy.lang.GroovyShell.run(GroovyShell.java:147)
	at groovy.ui.GroovyMain.processOnce(GroovyMain.java:493)
	at groovy.ui.GroovyMain.run(GroovyMain.java:308)
	at groovy.ui.GroovyMain.process(GroovyMain.java:294)
	at groovy.ui.GroovyMain.processArgs(GroovyMain.java:111)
	at groovy.ui.GroovyMain.main(GroovyMain.java:92)
	at org.codehaus.groovy.tools.GroovyStarter.rootLoader(GroovyStarter.java:101)
	at org.codehaus.groovy.tools.GroovyStarter.main(GroovyStarter.java:130)
</failure>

      </testcase>

      <testcase classname="cuanto.test.packageOne.SampleTest" name="Ristretto" time="0.285" />

      <testcase classname="cuanto.test.packageOne.SampleTest" name="ConLeche" time="0.465" />

      <system-out />

      <system-err />

  </testsuite>
</testsuites>
